wrte 0x1C 
0xD5 0x57 0xD4 0x5F 0xF7 //?
read 0x1E 
0x33 0x33 0x33 0x33 0x33 //padding
wrte 0x1C 
0xE6 0xC5 0x0A 0x1A 0x20 //?
read 0x1E 
0x33 0x33 0x33 0x33 0x33 //padding
wrte 0x1C 
0x64 0x42 0x3B 0x8B 0x70 //?
read 0x1E 
0x33 0x33 0x33 0x33 0x33 //padding
wrte 0x1C 
0x41 0xA1 0x20 0x00 0xBB //?
read 0x1E 
0x33 0x33 0x33 0x33 0x33 //padding
wrte 0x1C 
0xF0 0xA6 0xB1 0x3C 0xA3 //?

0xD5 0x57 0xD4 0x5F 0xF7
0xE6 0xC5 0x0A 0x1A 0x20
0x64 0x42 0x3B 0x8B 0x70
0x41 0xA1 0x20 0x00 0xBB
0xF0 0xA6 0xB1 0x3C 0xA3