read 0x01 0x00 0x1E 0x33 0x33 0x33 0x33 0x33

wrte 0x01 0x00 0x1C 0xD5 0x57 0xD4 0x5F 0xF7

read 0x0C 0x00 0x6D 0x69 0x7D 0xCE 0x7D 0x06
read 0x01 0x69 0x7D 0xCF 0x7D 0x06 0x33 0x33

read 0x0C 0x00 0x6D 0x69 0x7D 0xCF 0x7D 0x06
read 0x01 0x69 0x7D 0xCE 0x7D 0x06 0x33 0x33

read 0x01 0x00 0x1E 0x33 0x33 0x33 0x33 0x33

wrte 0x01 0x00 0x1C 0xE6 0xC5 0x0A 0x1A 0x20

read 0x0C 0x00 0x6D 0x69 0x7D 0xCE 0x7D 0x06
read 0x01 0x69 0x7D 0xCF 0x7D 0x06 0x33 0x33

read 0x01 0x00 0x1E 0x33 0x33 0x33 0x33 0x33

wrte 0x01 0x00 0x1C 0x64 0x42 0x3B 0x8B 0x70

read 0x0C 0x00 0x6D 0x69 0x7D 0xCF 0x7D 0x06
read 0x01 0x69 0x7D 0xCE 0x7D 0x06 0x33 0x33

read 0x0C 0x00 0x6D 0x69 0x7D 0xCE 0x7D 0x06
read 0x01 0x69 0x7D 0xCF 0x7D 0x06 0x33 0x33

read 0x01 0x00 0x1E 0x33 0x33 0x33 0x33 0x33

wrte 0x01 0x00 0x1C 0x41 0xA1 0x20 0x00 0xBB

read 0x0C 0x00 0x6D 0x69 0x7D 0xCF 0x7D 0x06
read 0x01 0x69 0x7D 0xCE 0x7D 0x06 0x33 0x33

read 0x0C 0x00 0x6D 0x69 0x7D 0xCE 0x7D 0x06
read 0x01 0x69 0x7D 0xCD 0x7D 0x06 0x33 0x33

wrte 0x01 0x00 0x16 0x12 0x91 0x45 0x1F 0x01

read 0x01 0x00 0x1E 0x33 0x33 0x33 0x33 0x33

wrte 0x01 0x00 0x1C 0xF0 0xA6 0xB1 0x3C 0xA3